cur_trans: firrtl.stage.transforms.CatchCustomTransformExceptions@52053fcb
cur_trans: firrtl.stage.transforms.ExpandPrepares@6db31d18
cur_trans: firrtl.stage.transforms.CheckScalaVersion@410ba816
cur_trans: firrtl.stage.transforms.CatchCustomTransformExceptions@49ab7a76
cur_trans: firrtl.stage.transforms.ExpandPrepares@3c79caba
cur_trans: firrtl.passes.CheckChirrtl$@240e8340
cur_trans: firrtl.stage.transforms.CatchCustomTransformExceptions@59a8154e
cur_trans: firrtl.stage.transforms.ExpandPrepares@726158a4
cur_trans: firrtl.passes.CInferTypes$@3649b091
cur_trans: firrtl.stage.transforms.CatchCustomTransformExceptions@f11a112
cur_trans: firrtl.stage.transforms.ExpandPrepares@678f5dc5
cur_trans: firrtl.passes.CInferMDir$@6e7b0abb
cur_trans: firrtl.stage.transforms.CatchCustomTransformExceptions@73adf3d0
cur_trans: firrtl.stage.transforms.ExpandPrepares@447a5ef4
cur_trans: firrtl.passes.RemoveCHIRRTL$@6d0a0744
cur_trans: firrtl.stage.transforms.CatchCustomTransformExceptions@c91647b
cur_trans: firrtl.stage.transforms.ExpandPrepares@39ab9821
cur_trans: firrtl.annotations.transforms.CleanupNamedTargets@53fc9119
cur_trans: firrtl.stage.transforms.CatchCustomTransformExceptions@13085249
cur_trans: firrtl.stage.transforms.ExpandPrepares@528cee70
cur_trans: firrtl.passes.CheckHighForm$@2bce6843
cur_trans: firrtl.stage.transforms.CatchCustomTransformExceptions@4f398357
cur_trans: firrtl.stage.transforms.ExpandPrepares@467604f9
cur_trans: firrtl.passes.ResolveKinds$@5507e640
cur_trans: firrtl.stage.transforms.CatchCustomTransformExceptions@70676691
cur_trans: firrtl.stage.transforms.ExpandPrepares@6a1233d9
cur_trans: firrtl.passes.InferTypes$@39db0ac9
cur_trans: firrtl.stage.transforms.CatchCustomTransformExceptions@72988891
cur_trans: firrtl.stage.transforms.ExpandPrepares@4c0e719a
cur_trans: firrtl.passes.CheckTypes$@4191be9c
cur_trans: firrtl.stage.transforms.CatchCustomTransformExceptions@3acd24df
cur_trans: firrtl.stage.transforms.ExpandPrepares@80bc43f
cur_trans: firrtl.passes.ResolveFlows$@3fed9414
cur_trans: firrtl.stage.transforms.CatchCustomTransformExceptions@2800800f
cur_trans: firrtl.stage.transforms.ExpandPrepares@79280804
cur_trans: firrtl.passes.CheckFlows$@20fd7925
cur_trans: firrtl.stage.transforms.CatchCustomTransformExceptions@1560b82d
cur_trans: firrtl.stage.transforms.ExpandPrepares@4f88c8e6
cur_trans: firrtl.passes.InferBinaryPoints@7959c27b
cur_trans: firrtl.stage.transforms.CatchCustomTransformExceptions@57a26259
cur_trans: firrtl.stage.transforms.ExpandPrepares@7a353278
cur_trans: firrtl.passes.TrimIntervals@7ea3fc44
cur_trans: firrtl.stage.transforms.CatchCustomTransformExceptions@66778bf4
cur_trans: firrtl.stage.transforms.ExpandPrepares@14e13c3b
cur_trans: firrtl.passes.InferWidths@5f9dd77d
cur_trans: firrtl.stage.transforms.CatchCustomTransformExceptions@55ced46a
cur_trans: firrtl.stage.transforms.ExpandPrepares@7f05086b
cur_trans: firrtl.passes.CheckWidths$@73e3141a
cur_trans: firrtl.stage.transforms.CatchCustomTransformExceptions@4482d1d9
cur_trans: firrtl.stage.transforms.ExpandPrepares@2de5ca75
cur_trans: firrtl.transforms.InferResets@68608cef
cur_trans: firrtl.stage.transforms.CatchCustomTransformExceptions@7ca30802
cur_trans: firrtl.stage.transforms.ExpandPrepares@77d6284f
cur_trans: firrtl.passes.CheckTypes$@4191be9c
cur_trans: firrtl.stage.transforms.CatchCustomTransformExceptions@41348f7c
cur_trans: firrtl.stage.transforms.ExpandPrepares@12514d0e
cur_trans: firrtl.transforms.DedupModules@9c00c7b
cur_trans: firrtl.stage.transforms.CatchCustomTransformExceptions@2be5b692
cur_trans: firrtl.stage.transforms.ExpandPrepares@190528da
cur_trans: firrtl.transforms.DedupAnnotationsTransform@469955dd
cur_trans: firrtl.stage.transforms.CatchCustomTransformExceptions@28b885a0
cur_trans: firrtl.stage.transforms.ExpandPrepares@745d3501
cur_trans: firrtl.passes.PullMuxes$@5494f6a7
cur_trans: firrtl.stage.transforms.CatchCustomTransformExceptions@66cb5734
cur_trans: firrtl.stage.transforms.ExpandPrepares@70873ee3
cur_trans: firrtl.passes.ReplaceAccesses$@4c013825
cur_trans: firrtl.stage.transforms.CatchCustomTransformExceptions@67aa3e34
cur_trans: firrtl.stage.transforms.ExpandPrepares@57d8dd86
cur_trans: firrtl.passes.ExpandConnects$@73c0905a
cur_trans: firrtl.stage.transforms.CatchCustomTransformExceptions@3a5c9c81
cur_trans: firrtl.stage.transforms.ExpandPrepares@11b25370
cur_trans: firrtl.passes.ZeroLengthVecs$@e135158
cur_trans: firrtl.stage.transforms.CatchCustomTransformExceptions@308cc670
cur_trans: firrtl.stage.transforms.ExpandPrepares@23602318
cur_trans: firrtl.passes.ResolveFlows$@3fed9414
cur_trans: firrtl.stage.transforms.CatchCustomTransformExceptions@74650cb5
cur_trans: firrtl.stage.transforms.ExpandPrepares@533c0a29
cur_trans: firrtl.passes.RemoveAccesses$@7d41a199
cur_trans: firrtl.stage.transforms.CatchCustomTransformExceptions@397cf2ee
cur_trans: firrtl.stage.transforms.ExpandPrepares@61220fd1
cur_trans: firrtl.passes.ResolveKinds$@5507e640
cur_trans: firrtl.stage.transforms.CatchCustomTransformExceptions@65e4508a
cur_trans: firrtl.stage.transforms.ExpandPrepares@57d70b71
cur_trans: firrtl.passes.ResolveFlows$@3fed9414
cur_trans: firrtl.stage.transforms.CatchCustomTransformExceptions@9e278e7
cur_trans: firrtl.stage.transforms.ExpandPrepares@78cfa28d
cur_trans: firrtl.passes.ExpandWhensAndCheck@770e444c
cur_trans: firrtl.passes.ExpandWhens$@4f6aa2a6
cur_trans: firrtl.passes.CheckInitialization$@701726aa
cur_trans: firrtl.stage.transforms.CatchCustomTransformExceptions@3eddc18d
cur_trans: firrtl.stage.transforms.ExpandPrepares@163b0f38
cur_trans: firrtl.passes.ResolveKinds$@5507e640
cur_trans: firrtl.stage.transforms.CatchCustomTransformExceptions@36bdd7eb
cur_trans: firrtl.stage.transforms.ExpandPrepares@23c01bbb
cur_trans: firrtl.passes.InferTypes$@39db0ac9
cur_trans: firrtl.stage.transforms.CatchCustomTransformExceptions@73c177e7
cur_trans: firrtl.stage.transforms.ExpandPrepares@3d4df468
cur_trans: firrtl.passes.ResolveFlows$@3fed9414
cur_trans: firrtl.stage.transforms.CatchCustomTransformExceptions@65176ea5
cur_trans: firrtl.stage.transforms.ExpandPrepares@46a9ac7f
cur_trans: firrtl.passes.InferWidths@5f9dd77d
cur_trans: firrtl.stage.transforms.CatchCustomTransformExceptions@3eaf9502
cur_trans: firrtl.stage.transforms.ExpandPrepares@6c93c80b
cur_trans: firrtl.passes.RemoveIntervals@1be5a9b6
cur_trans: firrtl.stage.transforms.CatchCustomTransformExceptions@573fe621
cur_trans: firrtl.stage.transforms.ExpandPrepares@3417e6a0
cur_trans: firrtl.passes.ResolveKinds$@5507e640
cur_trans: firrtl.stage.transforms.CatchCustomTransformExceptions@5492661
cur_trans: firrtl.stage.transforms.ExpandPrepares@71c140b0
cur_trans: firrtl.passes.InferTypes$@39db0ac9
cur_trans: firrtl.stage.transforms.CatchCustomTransformExceptions@5967be47
cur_trans: firrtl.stage.transforms.ExpandPrepares@52ce712d
cur_trans: firrtl.passes.ConvertFixedToSInt$@5813b9e9
cur_trans: firrtl.stage.transforms.CatchCustomTransformExceptions@1929e506
cur_trans: firrtl.stage.transforms.ExpandPrepares@3ddcf5a0
cur_trans: firrtl.passes.ZeroWidth$@277f59ac
cur_trans: firrtl.stage.transforms.CatchCustomTransformExceptions@a74cfa8
cur_trans: firrtl.stage.transforms.ExpandPrepares@26d22ed8
cur_trans: firrtl.passes.InferTypes$@39db0ac9
cur_trans: firrtl.stage.transforms.CatchCustomTransformExceptions@53b47bc5
cur_trans: firrtl.stage.transforms.ExpandPrepares@2ead09bb
cur_trans: firrtl.passes.LowerTypes$@7228337
cur_trans: firrtl.stage.transforms.CatchCustomTransformExceptions@6d698a23
cur_trans: firrtl.stage.transforms.ExpandPrepares@72007952
cur_trans: firrtl.passes.ResolveFlows$@3fed9414
cur_trans: firrtl.stage.transforms.CatchCustomTransformExceptions@68881022
cur_trans: firrtl.stage.transforms.ExpandPrepares@392aed64
cur_trans: firrtl.passes.CountWhens$@4b9690af
Hello Scala!
cur_trans: firrtl.stage.transforms.CatchCustomTransformExceptions@18b340f0
cur_trans: firrtl.stage.transforms.ExpandPrepares@6908705d
cur_trans: firrtl.transforms.formal.AssertSubmoduleAssumptions@124fdd65
cur_trans: firrtl.stage.transforms.CatchCustomTransformExceptions@2f06f0d2
cur_trans: firrtl.stage.transforms.ExpandPrepares@2db09102
cur_trans: firrtl.transforms.RemoveReset$@7b594290
cur_trans: firrtl.stage.transforms.CatchCustomTransformExceptions@52c6fe96
cur_trans: firrtl.stage.transforms.ExpandPrepares@4ddecfc3
cur_trans: firrtl.passes.ResolveFlows$@3fed9414
cur_trans: firrtl.stage.transforms.CatchCustomTransformExceptions@18e9a137
cur_trans: firrtl.stage.transforms.ExpandPrepares@5b14f87e
cur_trans: firrtl.passes.LegalizeConnects$@3ec07850
cur_trans: firrtl.stage.transforms.CatchCustomTransformExceptions@2c46c3e6
cur_trans: firrtl.stage.transforms.ExpandPrepares@e59c415
cur_trans: firrtl.transforms.CheckCombLoops@1ef4554c
cur_trans: firrtl.stage.transforms.CatchCustomTransformExceptions@285c0900
cur_trans: firrtl.stage.transforms.ExpandPrepares@4e27e731
cur_trans: firrtl.checks.CheckResets@1b5d4efa
cur_trans: firrtl.stage.transforms.CatchCustomTransformExceptions@7818c693
cur_trans: firrtl.stage.transforms.ExpandPrepares@17dfa2e3
cur_trans: firrtl.transforms.RemoveWires@2dc3fc3e
cur_trans: firrtl.stage.transforms.CatchCustomTransformExceptions@50ab65f0
cur_trans: firrtl.stage.transforms.ExpandPrepares@a9c0e38
cur_trans: firrtl.passes.ResolveKinds$@5507e640
cur_trans: firrtl.stage.transforms.CatchCustomTransformExceptions@72b18e3b
cur_trans: firrtl.stage.transforms.ExpandPrepares@3c7e3a59
cur_trans: firrtl.LowFirrtlEmitter@7b1f8c58
cur_trans: firrtl.stage.transforms.CatchCustomTransformExceptions@4492cf90
cur_trans: firrtl.stage.transforms.ExpandPrepares@1c6f07fe
cur_trans: firrtl.backends.experimental.smt.random.UndefinedMemoryBehaviorPass$@7ec6cc2d
cur_trans: firrtl.stage.transforms.CatchCustomTransformExceptions@267911ab
cur_trans: firrtl.stage.transforms.ExpandPrepares@dbc782b
cur_trans: firrtl.transforms.RemoveWires@134026e8
cur_trans: firrtl.stage.transforms.CatchCustomTransformExceptions@72b6fa3d
cur_trans: firrtl.stage.transforms.ExpandPrepares@42253100
cur_trans: firrtl.passes.ResolveKinds$@5507e640
cur_trans: firrtl.stage.transforms.CatchCustomTransformExceptions@2c3f94a6
cur_trans: firrtl.stage.transforms.ExpandPrepares@42accc2a
cur_trans: firrtl.backends.experimental.smt.random.InvalidToRandomPass$@1923b62
cur_trans: firrtl.stage.transforms.CatchCustomTransformExceptions@4ebcec38
cur_trans: firrtl.stage.transforms.ExpandPrepares@4d5237d
cur_trans: firrtl.transforms.RemoveWires@134026e8
cur_trans: firrtl.stage.transforms.CatchCustomTransformExceptions@20c69727
cur_trans: firrtl.stage.transforms.ExpandPrepares@24982759
cur_trans: firrtl.passes.ResolveKinds$@5507e640
cur_trans: firrtl.stage.transforms.CatchCustomTransformExceptions@d6cd2de
cur_trans: firrtl.stage.transforms.ExpandPrepares@200fd6c5
cur_trans: firrtl.passes.RemoveValidIf$@8a13ebf
cur_trans: firrtl.stage.transforms.CatchCustomTransformExceptions@5f148563
cur_trans: firrtl.stage.transforms.ExpandPrepares@1572499d
cur_trans: firrtl.transforms.ConstantPropagation@573e28b3
cur_trans: firrtl.stage.transforms.CatchCustomTransformExceptions@3d69f644
cur_trans: firrtl.stage.transforms.ExpandPrepares@3284c4a9
cur_trans: firrtl.passes.memlib.VerilogMemDelays$@3f5b5837
cur_trans: firrtl.stage.transforms.CatchCustomTransformExceptions@6b96a34e
cur_trans: firrtl.stage.transforms.ExpandPrepares@15b6d93a
cur_trans: firrtl.passes.ResolveFlows$@3fed9414
cur_trans: firrtl.stage.transforms.CatchCustomTransformExceptions@43c6036d
cur_trans: firrtl.stage.transforms.ExpandPrepares@61fc0668
cur_trans: chiseltest.formal.backends.FlattenPass$@4fcf3e44
cur_trans: firrtl.stage.transforms.CatchCustomTransformExceptions@5b1d5a6d
cur_trans: firrtl.stage.transforms.ExpandPrepares@477193f
cur_trans: firrtl.passes.InlineInstances@473c8f56
cur_trans: firrtl.stage.transforms.CatchCustomTransformExceptions@54df285c
cur_trans: firrtl.stage.transforms.ExpandPrepares@6520ce98
cur_trans: firrtl.transforms.EnsureNamedStatements$@3bc5ad57
cur_trans: firrtl.stage.transforms.CatchCustomTransformExceptions@1c5ee12b
cur_trans: firrtl.stage.transforms.ExpandPrepares@6b6096dd
cur_trans: firrtl.passes.ResolveKinds$@5507e640
cur_trans: firrtl.stage.transforms.CatchCustomTransformExceptions@450e21d9
cur_trans: firrtl.stage.transforms.ExpandPrepares@24a5b074
cur_trans: firrtl.passes.CommonSubexpressionElimination$@6a0068e5
cur_trans: firrtl.stage.transforms.CatchCustomTransformExceptions@4a0ec3f8
cur_trans: firrtl.stage.transforms.ExpandPrepares@5ce90f13
cur_trans: firrtl.transforms.DeadCodeElimination@74394db0
cur_trans: firrtl.stage.transforms.CatchCustomTransformExceptions@59d52af5
cur_trans: firrtl.stage.transforms.ExpandPrepares@358999a9
cur_trans: firrtl.transforms.PropagatePresetAnnotations@3363b50a
cur_trans: firrtl.stage.transforms.CatchCustomTransformExceptions@2af8a238
cur_trans: firrtl.stage.transforms.ExpandPrepares@5e4dcc9b
cur_trans: firrtl.backends.experimental.smt.FirrtlToTransitionSystem$@23f2fbe2
cur_trans: firrtl.stage.transforms.CatchCustomTransformExceptions@5de507b1
cur_trans: firrtl.stage.transforms.ExpandPrepares@371d3396
cur_trans: firrtl.backends.experimental.smt.SMTLibEmitter$@11f59752
[info] - should pass
[info] Run completed in 5 seconds, 243 milliseconds.
[info] Total number of tests run: 1
[info] Suites: completed 1, aborted 0
[info] Tests: succeeded 1, failed 0, canceled 0, ignored 0, pending 0
[info] All tests passed.
[success] Total time: 14 s, completed 2024年1月15日 下午7:27:29
sbt:chisel3> 
